TN:
SF:/Users/wenwenxu/Desktop/server_side/project_6/app.js
FN:35,(anonymous_0)
FN:45,(anonymous_1)
FN:51,(anonymous_2)
FN:53,(anonymous_3)
FN:60,(anonymous_4)
FN:75,(anonymous_5)
FN:78,(anonymous_6)
FN:106,(anonymous_7)
FN:111,(anonymous_8)
FN:116,(anonymous_9)
FN:130,(anonymous_10)
FN:135,(anonymous_11)
FN:140,(anonymous_12)
FN:145,(anonymous_13)
FN:151,(anonymous_14)
FN:157,(anonymous_15)
FN:169,(anonymous_16)
FN:173,(anonymous_17)
FN:187,(anonymous_18)
FN:193,(anonymous_19)
FN:199,(anonymous_20)
FNF:21
FNH:0
FNDA:0,(anonymous_0)
FNDA:0,(anonymous_1)
FNDA:0,(anonymous_2)
FNDA:0,(anonymous_3)
FNDA:0,(anonymous_4)
FNDA:0,(anonymous_5)
FNDA:0,(anonymous_6)
FNDA:0,(anonymous_7)
FNDA:0,(anonymous_8)
FNDA:0,(anonymous_9)
FNDA:0,(anonymous_10)
FNDA:0,(anonymous_11)
FNDA:0,(anonymous_12)
FNDA:0,(anonymous_13)
FNDA:0,(anonymous_14)
FNDA:0,(anonymous_15)
FNDA:0,(anonymous_16)
FNDA:0,(anonymous_17)
FNDA:0,(anonymous_18)
FNDA:0,(anonymous_19)
FNDA:0,(anonymous_20)
DA:2,0
DA:3,0
DA:4,0
DA:5,0
DA:7,0
DA:10,0
DA:13,0
DA:16,0
DA:18,0
DA:19,0
DA:21,0
DA:23,0
DA:26,0
DA:29,0
DA:30,0
DA:33,0
DA:34,0
DA:35,0
DA:36,0
DA:40,0
DA:42,0
DA:45,0
DA:47,0
DA:51,0
DA:53,0
DA:55,0
DA:57,0
DA:58,0
DA:60,0
DA:62,0
DA:64,0
DA:65,0
DA:75,0
DA:78,0
DA:80,0
DA:82,0
DA:85,0
DA:94,0
DA:95,0
DA:97,0
DA:106,0
DA:107,0
DA:111,0
DA:113,0
DA:114,0
DA:116,0
DA:117,0
DA:119,0
DA:130,0
DA:131,0
DA:135,0
DA:136,0
DA:140,0
DA:141,0
DA:145,0
DA:151,0
DA:153,0
DA:155,0
DA:157,0
DA:159,0
DA:169,0
DA:171,0
DA:173,0
DA:175,0
DA:176,0
DA:187,0
DA:188,0
DA:189,0
DA:193,0
DA:194,0
DA:195,0
DA:196,0
DA:199,0
DA:200,0
LF:74
LH:0
BRDA:21,0,0,0
BRDA:21,0,1,0
BRDA:55,1,0,0
BRDA:55,1,1,0
BRDA:62,2,0,0
BRDA:62,2,1,0
BRDA:117,3,0,0
BRDA:117,3,1,0
BRF:8
BRH:0
end_of_record
TN:
SF:/Users/wenwenxu/Desktop/server_side/project_6/modules/game.js
FNF:0
FNH:0
DA:1,0
DA:3,0
DA:8,0
DA:10,0
LF:4
LH:0
BRF:0
BRH:0
end_of_record
TN:
SF:/Users/wenwenxu/Desktop/server_side/project_6/modules/quarterbacks.js
FNF:0
FNH:0
DA:1,0
DA:3,0
DA:22,0
DA:24,0
LF:4
LH:0
BRF:0
BRH:0
end_of_record
TN:
SF:/Users/wenwenxu/Desktop/server_side/project_6/modules/user.js
FNF:0
FNH:0
DA:1,0
DA:3,0
DA:8,0
DA:10,0
LF:4
LH:0
BRF:0
BRH:0
end_of_record
